<?xml version="1.0" encoding="UTF-8"?>
<!-- Generated by org.testng.reporters.JUnitXMLReporter -->
<testsuite hostname="Salson-Sushma" ignored="0" name="Test1" tests="1" failures="1" timestamp="24 Mar 2020 23:20:48 GMT" time="15.896" errors="0">
  <testcase name="basePageNavigation" time="0.072" classname="SalsonAcademy.contentValidation">
    <failure type="java.lang.AssertionError" message="expected [FEATURED 12COURSES] but found [FEATURED COURSES]">
      <![CDATA[java.lang.AssertionError: expected [FEATURED 12COURSES] but found [FEATURED COURSES]
	at SalsonAcademy.contentValidation.basePageNavigation(contentValidation.java:31)
... Removed 31 stack frames]]>
    </failure>
  </testcase> <!-- basePageNavigation -->
</testsuite> <!-- Test1 -->
