<?xml version="1.0" encoding="UTF-8"?>
<!-- Generated by org.testng.reporters.JUnitXMLReporter -->
<testsuite hostname="Salson-Sushma" name="Validating content in the Page" tests="2" failures="0" timestamp="3 Apr 2020 16:25:51 GMT" time="11.734" errors="0">
  <testcase name="contentValidation1Navigation" time="0.083" classname="SalsonAcademy.contentValidation"/>
  <testcase name="contentValidationNavigation" time="0.079" classname="SalsonAcademy.contentValidation"/>
</testsuite> <!-- Validating content in the Page -->
